opencv/build/outputs/logs/manifest-merger-debug-report.txt
-- Merging decision tree log ---
manifest
ADDED from PhiLab\opencv\AndroidManifest.xml:2:1-4:12
INJECTED from PhiLab\opencv\AndroidManifest.xml:2:1-4:12
	package
		ADDED from PhiLab\opencv\AndroidManifest.xml:3:7-27
		INJECTED from PhiLab\opencv\AndroidManifest.xml
	xmlns:android
		ADDED from PhiLab\opencv\AndroidManifest.xml:2:11-69
uses-sdk
INJECTED from PhiLab\opencv\AndroidManifest.xml reason: use-sdk injection requested
INJECTED from PhiLab\opencv\AndroidManifest.xml
INJECTED from PhiLab\opencv\AndroidManifest.xml
	android:targetSdkVersion
		INJECTED from PhiLab\opencv\AndroidManifest.xml
	android:minSdkVersion
		INJECTED from PhiLab\opencv\AndroidManifest.xml